<?xml version="1.0" encoding="UTF-8"?>
<testng-results ignored="0" total="1" passed="1" failed="0" skipped="0">
  <reporter-output>
  </reporter-output>
  <suite started-at="2020-05-07T14:53:49 IST" name="Default suite" finished-at="2020-05-07T14:54:01 IST" duration-ms="12642">
    <groups>
    </groups>
    <test started-at="2020-05-07T14:53:49 IST" name="Default test" finished-at="2020-05-07T14:54:01 IST" duration-ms="12642">
      <class name="Automation.Login">
        <test-method is-config="true" signature="launchbrowser()[pri:0, instance:Automation.Login@6ce139a4]" started-at="2020-05-07T14:53:49 IST" name="launchbrowser" finished-at="2020-05-07T14:53:58 IST" duration-ms="9287" status="PASS">
          <reporter-output>
          </reporter-output>
        </test-method> <!-- launchbrowser -->
        <test-method is-config="true" signature="setreportpath()[pri:0, instance:Automation.Login@6ce139a4]" started-at="2020-05-07T14:53:58 IST" name="setreportpath" finished-at="2020-05-07T14:53:58 IST" duration-ms="153" status="PASS">
          <reporter-output>
          </reporter-output>
        </test-method> <!-- setreportpath -->
        <test-method signature="verifyLogin()[pri:0, instance:Automation.Login@6ce139a4]" started-at="2020-05-07T14:53:58 IST" name="verifyLogin" finished-at="2020-05-07T14:54:01 IST" duration-ms="2801" status="PASS">
          <reporter-output>
          </reporter-output>
        </test-method> <!-- verifyLogin -->
        <test-method is-config="true" signature="savereport()[pri:0, instance:Automation.Login@6ce139a4]" started-at="2020-05-07T14:54:01 IST" name="savereport" finished-at="2020-05-07T14:54:01 IST" duration-ms="270" status="PASS">
          <reporter-output>
          </reporter-output>
        </test-method> <!-- savereport -->
        <test-method is-config="true" signature="quitdriver()[pri:0, instance:Automation.Login@6ce139a4]" started-at="2020-05-07T14:54:01 IST" name="quitdriver" finished-at="2020-05-07T14:54:01 IST" duration-ms="83" status="PASS">
          <reporter-output>
          </reporter-output>
        </test-method> <!-- quitdriver -->
      </class> <!-- Automation.Login -->
    </test> <!-- Default test -->
  </suite> <!-- Default suite -->
</testng-results>
